<?xml version="1.0" encoding="utf-8"?><testsuites><testsuite name="pytest" errors="0" failures="0" skipped="0" tests="9" time="0.044" timestamp="2024-03-26T16:47:20.219844" hostname="DESKTOP-JI05MKK"><testcase classname="test_compute" name="test_power" time="0.001" /><testcase classname="test_compute" name="test_square_root" time="0.001" /><testcase classname="test_compute" name="test_cube_root" time="0.001" /><testcase classname="test_compute" name="test_natural_logarithm" time="0.001" /><testcase classname="test_compute" name="test_is_prime_parametrized[2-True]" time="0.001" /><testcase classname="test_compute" name="test_is_prime_parametrized[3-True]" time="0.001" /><testcase classname="test_compute" name="test_is_prime_parametrized[4-False]" time="0.001" /><testcase classname="test_compute" name="test_is_prime_parametrized[5-True]" time="0.001" /><testcase classname="test_compute" name="test_is_prime_parametrized[6-False]" time="0.001" /></testsuite></testsuites>